{"uuid":"8b780e14-1c19-41cf-8aa3-962b4c08db24","historyId":"e0736dad963ac1dc15f571b777cb28e7","fullName":"peswoc.test.SearchTest.searchKey","labels":[{"name":"package","value":"peswoc.test.SearchTest"},{"name":"testClass","value":"peswoc.test.SearchTest"},{"name":"testMethod","value":"searchKey"},{"name":"parentSuite","value":"Default Suite"},{"name":"suite","value":"test2"},{"name":"subSuite","value":"peswoc.test.SearchTest"},{"name":"host","value":"PeswocMSI"},{"name":"thread","value":"11876@PeswocMSI.main(1)"},{"name":"framework","value":"testng"},{"name":"language","value":"java"}],"links":[],"name":"searchKey","status":"failed","statusDetails":{"known":false,"muted":false,"flaky":false,"message":"Invalid element state [By.xpath: //button[@class='btn btn-solid-primary btn--s btn--inline shopee-searchbar__search-button']]: element click intercepted: Element <button type=\"button\" class=\"btn btn-solid-primary btn--s btn--inline shopee-searchbar__search-button\">...</button> is not clickable at point (1337, 70). Other element would receive the click: <shopee-banner-popup-stateful spacekey=\"PC-VN-HOME_POPUP_01\"></shopee-banner-popup-stateful>\r\nScreenshot: file:/D:/IntelliJProjects/test2/build/reports/tests/1668467657739.0.png\r\nPage source: file:/D:/IntelliJProjects/test2/build/reports/tests/1668467657739.0.html\r\nTimeout: 4 s.\r\nCaused by: ElementClickInterceptedException: element click intercepted: Element <button type=\"button\" class=\"btn btn-solid-primary btn--s btn--inline shopee-searchbar__search-button\">...</button> is not clickable at point (1337, 70). Other element would receive the click: <shopee-banner-popup-stateful spacekey=\"PC-VN-HOME_POPUP_01\"></shopee-banner-popup-stateful>","trace":"Invalid element state [By.xpath: //button[@class='btn btn-solid-primary btn--s btn--inline shopee-searchbar__search-button']]: element click intercepted: Element <button type=\"button\" class=\"btn btn-solid-primary btn--s btn--inline shopee-searchbar__search-button\">...</button> is not clickable at point (1337, 70). Other element would receive the click: <shopee-banner-popup-stateful spacekey=\"PC-VN-HOME_POPUP_01\"></shopee-banner-popup-stateful>\r\nScreenshot: file:/D:/IntelliJProjects/test2/build/reports/tests/1668467657739.0.png\r\nPage source: file:/D:/IntelliJProjects/test2/build/reports/tests/1668467657739.0.html\r\nTimeout: 4 s.\r\nCaused by: ElementClickInterceptedException: element click intercepted: Element <button type=\"button\" class=\"btn btn-solid-primary btn--s btn--inline shopee-searchbar__search-button\">...</button> is not clickable at point (1337, 70). Other element would receive the click: <shopee-banner-popup-stateful spacekey=\"PC-VN-HOME_POPUP_01\"></shopee-banner-popup-stateful>\r\n\tat com.codeborne.selenide.impl.ExceptionWrapper.wrap(ExceptionWrapper.java:26)\r\n\tat com.codeborne.selenide.impl.SelenideElementProxy.dispatchAndRetry(SelenideElementProxy.java:151)\r\n\tat com.codeborne.selenide.impl.SelenideElementProxy.invoke(SelenideElementProxy.java:81)\r\n\tat jdk.proxy2/jdk.proxy2.$Proxy9.click(Unknown Source)\r\n\tat peswoc.test.SearchTest.searchKey(SearchTest.kt:45)\r\n\tat java.base/jdk.internal.reflect.DirectMethodHandleAccessor.invoke(DirectMethodHandleAccessor.java:104)\r\n\tat java.base/java.lang.reflect.Method.invoke(Method.java:578)\r\n\tat org.testng.internal.invokers.MethodInvocationHelper.invokeMethod(MethodInvocationHelper.java:139)\r\n\tat org.testng.internal.invokers.TestInvoker.invokeMethod(TestInvoker.java:677)\r\n\tat org.testng.internal.invokers.TestInvoker.invokeTestMethod(TestInvoker.java:221)\r\n\tat org.testng.internal.invokers.MethodRunner.runInSequence(MethodRunner.java:50)\r\n\tat org.testng.internal.invokers.TestInvoker$MethodInvocationAgent.invoke(TestInvoker.java:962)\r\n\tat org.testng.internal.invokers.TestInvoker.invokeTestMethods(TestInvoker.java:194)\r\n\tat org.testng.internal.invokers.TestMethodWorker.invokeTestMethods(TestMethodWorker.java:148)\r\n\tat org.testng.internal.invokers.TestMethodWorker.run(TestMethodWorker.java:128)\r\n\tat java.base/java.util.ArrayList.forEach(ArrayList.java:1511)\r\n\tat org.testng.TestRunner.privateRun(TestRunner.java:806)\r\n\tat org.testng.TestRunner.run(TestRunner.java:601)\r\n\tat org.testng.SuiteRunner.runTest(SuiteRunner.java:433)\r\n\tat org.testng.SuiteRunner.runSequentially(SuiteRunner.java:427)\r\n\tat org.testng.SuiteRunner.privateRun(SuiteRunner.java:387)\r\n\tat org.testng.SuiteRunner.run(SuiteRunner.java:330)\r\n\tat org.testng.SuiteRunnerWorker.runSuite(SuiteRunnerWorker.java:52)\r\n\tat org.testng.SuiteRunnerWorker.run(SuiteRunnerWorker.java:95)\r\n\tat org.testng.TestNG.runSuitesSequentially(TestNG.java:1256)\r\n\tat org.testng.TestNG.runSuitesLocally(TestNG.java:1176)\r\n\tat org.testng.TestNG.runSuites(TestNG.java:1099)\r\n\tat org.testng.TestNG.run(TestNG.java:1067)\r\n\tat com.intellij.rt.testng.IDEARemoteTestNG.run(IDEARemoteTestNG.java:66)\r\n\tat com.intellij.rt.testng.RemoteTestNGStarter.main(RemoteTestNGStarter.java:109)\r\nCaused by: org.openqa.selenium.ElementClickInterceptedException: element click intercepted: Element <button type=\"button\" class=\"btn btn-solid-primary btn--s btn--inline shopee-searchbar__search-button\">...</button> is not clickable at point (1337, 70). Other element would receive the click: <shopee-banner-popup-stateful spacekey=\"PC-VN-HOME_POPUP_01\"></shopee-banner-popup-stateful>\n  (Session info: MicrosoftEdge=107.0.1418.42)\nBuild info: version: '4.4.0', revision: 'e5c75ed026a'\nSystem info: host: 'PESWOCMSI', ip: '192.168.1.12', os.name: 'Windows 11', os.arch: 'amd64', os.version: '10.0', java.version: '19'\nDriver info: org.openqa.selenium.edge.EdgeDriver\nCommand: [37ef612e3d770d24332d81a634db0e09, clickElement {id=eaeca758-953d-45ef-ab40-ba5ec5843d72}]\nCapabilities {acceptInsecureCerts: true, browserName: msedge, browserVersion: 107.0.1418.42, ms:edgeOptions: {debuggerAddress: localhost:58689}, msedge: {msedgedriverVersion: 107.0.1418.42 (5ed2a3ace08d..., userDataDir: C:\\Users\\Peswoc\\AppData\\Loc...}, networkConnectionEnabled: false, pageLoadStrategy: normal, platformName: WINDOWS, proxy: Proxy(), se:cdp: ws://localhost:58689/devtoo..., se:cdpVersion: 107.0.1418.42, setWindowRect: true, strictFileInteractability: false, timeouts: {implicit: 0, pageLoad: 300000, script: 30000}, unhandledPromptBehavior: accept, webauthn:extension:credBlob: true, webauthn:extension:largeBlob: true, webauthn:virtualAuthenticators: true}\nElement: [[EdgeDriver: msedge on WINDOWS (37ef612e3d770d24332d81a634db0e09)] -> xpath: //button[@class='btn btn-solid-primary btn--s btn--inline shopee-searchbar__search-button']]\nSession ID: 37ef612e3d770d24332d81a634db0e09\r\n\tat java.base/jdk.internal.reflect.DirectConstructorHandleAccessor.newInstance(DirectConstructorHandleAccessor.java:67)\r\n\tat java.base/java.lang.reflect.Constructor.newInstanceWithCaller(Constructor.java:500)\r\n\tat java.base/java.lang.reflect.Constructor.newInstance(Constructor.java:484)\r\n\tat org.openqa.selenium.remote.codec.w3c.W3CHttpResponseCodec.createException(W3CHttpResponseCodec.java:200)\r\n\tat org.openqa.selenium.remote.codec.w3c.W3CHttpResponseCodec.decode(W3CHttpResponseCodec.java:133)\r\n\tat org.openqa.selenium.remote.codec.w3c.W3CHttpResponseCodec.decode(W3CHttpResponseCodec.java:53)\r\n\tat org.openqa.selenium.remote.HttpCommandExecutor.execute(HttpCommandExecutor.java:184)\r\n\tat org.openqa.selenium.remote.service.DriverCommandExecutor.invokeExecute(DriverCommandExecutor.java:167)\r\n\tat org.openqa.selenium.remote.service.DriverCommandExecutor.execute(DriverCommandExecutor.java:142)\r\n\tat org.openqa.selenium.remote.RemoteWebDriver.execute(RemoteWebDriver.java:547)\r\n\tat org.openqa.selenium.remote.RemoteWebElement.execute(RemoteWebElement.java:257)\r\n\tat org.openqa.selenium.remote.RemoteWebElement.click(RemoteWebElement.java:78)\r\n\tat com.codeborne.selenide.commands.Click.defaultClick(Click.java:97)\r\n\tat com.codeborne.selenide.commands.Click.click(Click.java:54)\r\n\tat com.codeborne.selenide.commands.Click.execute(Click.java:31)\r\n\tat com.codeborne.selenide.commands.Click.execute(Click.java:21)\r\n\tat com.codeborne.selenide.commands.Commands.execute(Commands.java:155)\r\n\tat com.codeborne.selenide.impl.SelenideElementProxy.dispatchAndRetry(SelenideElementProxy.java:129)\r\n\t... 28 more\r\n"},"stage":"finished","steps":[],"attachments":[],"parameters":[],"start":1668467652292,"stop":1668467658129}