{"uuid":"9110349f-b1f5-4c43-937e-bf8273ee3380","historyId":"ccc6b3b172fb446d20cec46087084608","fullName":"com.example.test2.home.HomePageTest.search","labels":[{"name":"package","value":"com.example.test2.home.HomePageTest"},{"name":"testClass","value":"com.example.test2.home.HomePageTest"},{"name":"testMethod","value":"search"},{"name":"parentSuite","value":"Default Suite"},{"name":"suite","value":"test2"},{"name":"subSuite","value":"com.example.test2.home.HomePageTest"},{"name":"host","value":"PeswocMSI"},{"name":"thread","value":"8924@PeswocMSI.main(1)"},{"name":"framework","value":"testng"},{"name":"language","value":"java"}],"links":[],"name":"search","status":"failed","statusDetails":{"known":false,"muted":false,"flaky":false,"message":"Invalid element state [By.xpath: //input[@class='shopee-searchbar-input__input']]: element click intercepted: Element <input aria-label=\"Đăng ký và nhận voucher bạn mới đến 70k!\" class=\"shopee-searchbar-input__input\" maxlength=\"128\" placeholder=\"Đăng ký và nhận voucher bạn mới đến 70k!\" autocomplete=\"off\" aria-autocomplete=\"list\" aria-controls=\"shopee-searchbar-listbox\" aria-expanded=\"false\" role=\"combobox\" value=\"\"> is not clickable at point (667, 70). Other element would receive the click: <shopee-banner-popup-stateful spacekey=\"PC-VN-HOME_POPUP_01\"></shopee-banner-popup-stateful>\r\nScreenshot: file:/D:/IntelliJProjects/test2/build/reports/tests/1668230253522.0.png\r\nPage source: file:/D:/IntelliJProjects/test2/build/reports/tests/1668230253522.0.html\r\nTimeout: 4 s.\r\nCaused by: ElementClickInterceptedException: element click intercepted: Element <input aria-label=\"Đăng ký và nhận voucher bạn mới đến 70k!\" class=\"shopee-searchbar-input__input\" maxlength=\"128\" placeholder=\"Đăng ký và nhận voucher bạn mới đến 70k!\" autocomplete=\"off\" aria-autocomplete=\"list\" aria-controls=\"shopee-searchbar-listbox\" aria-expanded=\"false\" role=\"combobox\" value=\"\"> is not clickable at point (667, 70). Other element would receive the click: <shopee-banner-popup-stateful spacekey=\"PC-VN-HOME_POPUP_01\"></shopee-banner-popup-stateful>","trace":"Invalid element state [By.xpath: //input[@class='shopee-searchbar-input__input']]: element click intercepted: Element <input aria-label=\"Đăng ký và nhận voucher bạn mới đến 70k!\" class=\"shopee-searchbar-input__input\" maxlength=\"128\" placeholder=\"Đăng ký và nhận voucher bạn mới đến 70k!\" autocomplete=\"off\" aria-autocomplete=\"list\" aria-controls=\"shopee-searchbar-listbox\" aria-expanded=\"false\" role=\"combobox\" value=\"\"> is not clickable at point (667, 70). Other element would receive the click: <shopee-banner-popup-stateful spacekey=\"PC-VN-HOME_POPUP_01\"></shopee-banner-popup-stateful>\r\nScreenshot: file:/D:/IntelliJProjects/test2/build/reports/tests/1668230253522.0.png\r\nPage source: file:/D:/IntelliJProjects/test2/build/reports/tests/1668230253522.0.html\r\nTimeout: 4 s.\r\nCaused by: ElementClickInterceptedException: element click intercepted: Element <input aria-label=\"Đăng ký và nhận voucher bạn mới đến 70k!\" class=\"shopee-searchbar-input__input\" maxlength=\"128\" placeholder=\"Đăng ký và nhận voucher bạn mới đến 70k!\" autocomplete=\"off\" aria-autocomplete=\"list\" aria-controls=\"shopee-searchbar-listbox\" aria-expanded=\"false\" role=\"combobox\" value=\"\"> is not clickable at point (667, 70). Other element would receive the click: <shopee-banner-popup-stateful spacekey=\"PC-VN-HOME_POPUP_01\"></shopee-banner-popup-stateful>\r\n\tat com.codeborne.selenide.impl.ExceptionWrapper.wrap(ExceptionWrapper.java:26)\r\n\tat com.codeborne.selenide.impl.SelenideElementProxy.dispatchAndRetry(SelenideElementProxy.java:151)\r\n\tat com.codeborne.selenide.impl.SelenideElementProxy.invoke(SelenideElementProxy.java:81)\r\n\tat jdk.proxy2/jdk.proxy2.$Proxy9.click(Unknown Source)\r\n\tat com.example.test2.home.HomePageTest.search(HomePageTest.kt:36)\r\n\tat java.base/jdk.internal.reflect.DirectMethodHandleAccessor.invoke(DirectMethodHandleAccessor.java:104)\r\n\tat java.base/java.lang.reflect.Method.invoke(Method.java:578)\r\n\tat org.testng.internal.invokers.MethodInvocationHelper.invokeMethod(MethodInvocationHelper.java:139)\r\n\tat org.testng.internal.invokers.TestInvoker.invokeMethod(TestInvoker.java:677)\r\n\tat org.testng.internal.invokers.TestInvoker.invokeTestMethod(TestInvoker.java:221)\r\n\tat org.testng.internal.invokers.MethodRunner.runInSequence(MethodRunner.java:50)\r\n\tat org.testng.internal.invokers.TestInvoker$MethodInvocationAgent.invoke(TestInvoker.java:962)\r\n\tat org.testng.internal.invokers.TestInvoker.invokeTestMethods(TestInvoker.java:194)\r\n\tat org.testng.internal.invokers.TestMethodWorker.invokeTestMethods(TestMethodWorker.java:148)\r\n\tat org.testng.internal.invokers.TestMethodWorker.run(TestMethodWorker.java:128)\r\n\tat java.base/java.util.ArrayList.forEach(ArrayList.java:1511)\r\n\tat org.testng.TestRunner.privateRun(TestRunner.java:806)\r\n\tat org.testng.TestRunner.run(TestRunner.java:601)\r\n\tat org.testng.SuiteRunner.runTest(SuiteRunner.java:433)\r\n\tat org.testng.SuiteRunner.runSequentially(SuiteRunner.java:427)\r\n\tat org.testng.SuiteRunner.privateRun(SuiteRunner.java:387)\r\n\tat org.testng.SuiteRunner.run(SuiteRunner.java:330)\r\n\tat org.testng.SuiteRunnerWorker.runSuite(SuiteRunnerWorker.java:52)\r\n\tat org.testng.SuiteRunnerWorker.run(SuiteRunnerWorker.java:95)\r\n\tat org.testng.TestNG.runSuitesSequentially(TestNG.java:1256)\r\n\tat org.testng.TestNG.runSuitesLocally(TestNG.java:1176)\r\n\tat org.testng.TestNG.runSuites(TestNG.java:1099)\r\n\tat org.testng.TestNG.run(TestNG.java:1067)\r\n\tat com.intellij.rt.testng.IDEARemoteTestNG.run(IDEARemoteTestNG.java:66)\r\n\tat com.intellij.rt.testng.RemoteTestNGStarter.main(RemoteTestNGStarter.java:109)\r\nCaused by: org.openqa.selenium.ElementClickInterceptedException: element click intercepted: Element <input aria-label=\"Đăng ký và nhận voucher bạn mới đến 70k!\" class=\"shopee-searchbar-input__input\" maxlength=\"128\" placeholder=\"Đăng ký và nhận voucher bạn mới đến 70k!\" autocomplete=\"off\" aria-autocomplete=\"list\" aria-controls=\"shopee-searchbar-listbox\" aria-expanded=\"false\" role=\"combobox\" value=\"\"> is not clickable at point (667, 70). Other element would receive the click: <shopee-banner-popup-stateful spacekey=\"PC-VN-HOME_POPUP_01\"></shopee-banner-popup-stateful>\n  (Session info: chrome=107.0.5304.107)\nBuild info: version: '4.4.0', revision: 'e5c75ed026a'\nSystem info: host: 'PESWOCMSI', ip: '192.168.1.12', os.name: 'Windows 11', os.arch: 'amd64', os.version: '10.0', java.version: '19'\nDriver info: org.openqa.selenium.chrome.ChromeDriver\nCommand: [530e5c8b011d988184fbce1729bb131d, clickElement {id=c8807b34-2dc1-451a-8ed1-8d623074271a}]\nCapabilities {acceptInsecureCerts: true, browserName: chrome, browserVersion: 107.0.5304.107, chrome: {chromedriverVersion: 107.0.5304.62 (1eec40d3a576..., userDataDir: C:\\Users\\Peswoc\\AppData\\Loc...}, goog:chromeOptions: {debuggerAddress: localhost:59312}, networkConnectionEnabled: false, pageLoadStrategy: normal, platformName: WINDOWS, proxy: Proxy(), se:cdp: ws://localhost:59312/devtoo..., se:cdpVersion: 107.0.5304.107, setWindowRect: true, strictFileInteractability: false, timeouts: {implicit: 0, pageLoad: 300000, script: 30000}, unhandledPromptBehavior: accept, webauthn:extension:credBlob: true, webauthn:extension:largeBlob: true, webauthn:virtualAuthenticators: true}\nElement: [[ChromeDriver: chrome on WINDOWS (530e5c8b011d988184fbce1729bb131d)] -> xpath: //input[@class='shopee-searchbar-input__input']]\nSession ID: 530e5c8b011d988184fbce1729bb131d\r\n\tat java.base/jdk.internal.reflect.DirectConstructorHandleAccessor.newInstance(DirectConstructorHandleAccessor.java:67)\r\n\tat java.base/java.lang.reflect.Constructor.newInstanceWithCaller(Constructor.java:500)\r\n\tat java.base/java.lang.reflect.Constructor.newInstance(Constructor.java:484)\r\n\tat org.openqa.selenium.remote.codec.w3c.W3CHttpResponseCodec.createException(W3CHttpResponseCodec.java:200)\r\n\tat org.openqa.selenium.remote.codec.w3c.W3CHttpResponseCodec.decode(W3CHttpResponseCodec.java:133)\r\n\tat org.openqa.selenium.remote.codec.w3c.W3CHttpResponseCodec.decode(W3CHttpResponseCodec.java:53)\r\n\tat org.openqa.selenium.remote.HttpCommandExecutor.execute(HttpCommandExecutor.java:184)\r\n\tat org.openqa.selenium.remote.service.DriverCommandExecutor.invokeExecute(DriverCommandExecutor.java:167)\r\n\tat org.openqa.selenium.remote.service.DriverCommandExecutor.execute(DriverCommandExecutor.java:142)\r\n\tat org.openqa.selenium.remote.RemoteWebDriver.execute(RemoteWebDriver.java:547)\r\n\tat org.openqa.selenium.remote.RemoteWebElement.execute(RemoteWebElement.java:257)\r\n\tat org.openqa.selenium.remote.RemoteWebElement.click(RemoteWebElement.java:78)\r\n\tat com.codeborne.selenide.commands.Click.defaultClick(Click.java:97)\r\n\tat com.codeborne.selenide.commands.Click.click(Click.java:54)\r\n\tat com.codeborne.selenide.commands.Click.execute(Click.java:31)\r\n\tat com.codeborne.selenide.commands.Click.execute(Click.java:21)\r\n\tat com.codeborne.selenide.commands.Commands.execute(Commands.java:155)\r\n\tat com.codeborne.selenide.impl.SelenideElementProxy.dispatchAndRetry(SelenideElementProxy.java:129)\r\n\t... 28 more\r\n"},"stage":"finished","steps":[],"attachments":[],"parameters":[],"start":1668230249499,"stop":1668230253881}